1607000453657	geckodriver	INFO	Listening on 127.0.0.1:51111
1607000454692	mozrunner::runner	INFO	Running command: "/usr/bin/firefox" "--marionette" "-foreground" "-no-remote" "-profile" "/tmp/rust_mozprofile4vg9Ne"
console.warn: SearchSettings: "get: No settings file exists, new profile?" (new Error("", "(unknown module)"))
1607000463761	Marionette	INFO	Listening on port 42619
1607000464020	Marionette	WARN	TLS certificate errors will be ignored for this session
JavaScript warning: https://web.whatsapp.com/app.79cf3884c4bdafb8f9ef.js, line 1: unreachable code after return statement
JavaScript warning: https://web.whatsapp.com/app.79cf3884c4bdafb8f9ef.js, line 1: unreachable code after return statement
1607000469083	Marionette	INFO	Stopped listening on port 42619
1607494050006	geckodriver	INFO	Listening on 127.0.0.1:53327
1607494051047	mozrunner::runner	INFO	Running command: "/usr/bin/firefox" "--marionette" "-foreground" "-no-remote" "-profile" "/tmp/rust_mozprofileKGO7dv"
console.warn: SearchSettings: "get: No settings file exists, new profile?" (new Error("", "(unknown module)"))
1607494059735	Marionette	INFO	Listening on port 43469
1607494059959	Marionette	WARN	TLS certificate errors will be ignored for this session
JavaScript error: resource://gre/modules/UrlClassifierListManager.jsm, line 691: TypeError: this.tablesData[table] is undefined
1607494062727	Marionette	INFO	Stopped listening on port 43469
1607494154408	geckodriver	INFO	Listening on 127.0.0.1:55353
1607494154429	mozrunner::runner	INFO	Running command: "/usr/bin/firefox" "--marionette" "-foreground" "-no-remote" "-profile" "/tmp/rust_mozprofileESGO5y"
console.warn: SearchSettings: "get: No settings file exists, new profile?" (new Error("", "(unknown module)"))
1607494162800	Marionette	INFO	Listening on port 44801
1607494162960	Marionette	WARN	TLS certificate errors will be ignored for this session
JavaScript warning: https://web.whatsapp.com/app.2198ddf01f3c0b7f4b84.js, line 1: unreachable code after return statement
JavaScript warning: https://web.whatsapp.com/app.2198ddf01f3c0b7f4b84.js, line 1: unreachable code after return statement
1607494281329	Marionette	INFO	Stopped listening on port 44801
1607494304449	geckodriver	INFO	Listening on 127.0.0.1:38863
1607494304472	mozrunner::runner	INFO	Running command: "/usr/bin/firefox" "--marionette" "-foreground" "-no-remote" "-profile" "/tmp/rust_mozprofile4Xlqwo"
console.warn: SearchSettings: "get: No settings file exists, new profile?" (new Error("", "(unknown module)"))
console.warn: SearchService: "_init: abandoning init due to shutting down"
JavaScript error: , line 0: uncaught exception: 2147500036
JavaScript error: , line 0: uncaught exception: 2147500036
JavaScript error: , line 0: uncaught exception: 2147500036
JavaScript error: , line 0: uncaught exception: 2147500036
JavaScript error: , line 0: uncaught exception: 2147500036
JavaScript error: , line 0: uncaught exception: 2147500036
console.warn: services.settings: main/cfr-fxa sync interrupted by shutdown
console.error: Region.jsm: "Error fetching region" (new TypeError("NetworkError when attempting to fetch resource.", ""))
console.error: Region.jsm: "Failed to fetch region" (new Error("NO_RESULT", "resource://gre/modules/Region.jsm", 376))
1607494416278	geckodriver	INFO	Listening on 127.0.0.1:37905
1607494416303	mozrunner::runner	INFO	Running command: "/usr/bin/firefox" "--marionette" "-foreground" "-no-remote" "-profile" "/tmp/rust_mozprofiletXIAq9"
console.warn: SearchSettings: "get: No settings file exists, new profile?" (new Error("", "(unknown module)"))
1607494424606	Marionette	INFO	Listening on port 45791
1607494424772	Marionette	WARN	TLS certificate errors will be ignored for this session
JavaScript warning: https://web.whatsapp.com/app.2198ddf01f3c0b7f4b84.js, line 1: unreachable code after return statement
JavaScript warning: https://web.whatsapp.com/app.2198ddf01f3c0b7f4b84.js, line 1: unreachable code after return statement

###!!! [Child][MessageChannel] Error: (msgtype=0xB60006,name=PWebSocket::Msg_DeleteSelf) Channel closing: too late to send/recv, messages will be lost

1607494538773	Marionette	INFO	Stopped listening on port 45791
1607494543626	geckodriver	INFO	Listening on 127.0.0.1:43289
1607494543678	mozrunner::runner	INFO	Running command: "/usr/bin/firefox" "--marionette" "-foreground" "-no-remote" "-profile" "/tmp/rust_mozprofiley4F3vP"
console.warn: SearchSettings: "get: No settings file exists, new profile?" (new Error("", "(unknown module)"))
1607494551836	Marionette	INFO	Listening on port 37115
1607494552006	Marionette	WARN	TLS certificate errors will be ignored for this session
JavaScript warning: https://web.whatsapp.com/app.2198ddf01f3c0b7f4b84.js, line 1: unreachable code after return statement
JavaScript warning: https://web.whatsapp.com/app.2198ddf01f3c0b7f4b84.js, line 1: unreachable code after return statement
1607494604667	Marionette	INFO	Stopped listening on port 37115
1607494607038	geckodriver	INFO	Listening on 127.0.0.1:46953
1607494607062	mozrunner::runner	INFO	Running command: "/usr/bin/firefox" "--marionette" "-foreground" "-no-remote" "-profile" "/tmp/rust_mozprofile3dnLGf"
console.warn: SearchSettings: "get: No settings file exists, new profile?" (new Error("", "(unknown module)"))
1607494615502	Marionette	INFO	Listening on port 34345
1607494615641	Marionette	WARN	TLS certificate errors will be ignored for this session
JavaScript warning: https://web.whatsapp.com/app.2198ddf01f3c0b7f4b84.js, line 1: unreachable code after return statement
JavaScript warning: https://web.whatsapp.com/app.2198ddf01f3c0b7f4b84.js, line 1: unreachable code after return statement
1607494719561	geckodriver	INFO	Listening on 127.0.0.1:42983
1607494719591	mozrunner::runner	INFO	Running command: "/usr/bin/firefox" "--marionette" "-foreground" "-no-remote" "-profile" "/tmp/rust_mozprofileHGWmiI"
1607494721605	Marionette	INFO	Stopped listening on port 34345
console.warn: SearchSettings: "get: No settings file exists, new profile?" (new Error("", "(unknown module)"))
1607494728772	Marionette	INFO	Listening on port 43035
1607494728941	Marionette	WARN	TLS certificate errors will be ignored for this session
JavaScript warning: https://web.whatsapp.com/app.2198ddf01f3c0b7f4b84.js, line 1: unreachable code after return statement
JavaScript warning: https://web.whatsapp.com/app.2198ddf01f3c0b7f4b84.js, line 1: unreachable code after return statement
1607494770683	Marionette	INFO	Stopped listening on port 43035
1607494817931	geckodriver	INFO	Listening on 127.0.0.1:38707
1607494817953	mozrunner::runner	INFO	Running command: "/usr/bin/firefox" "--marionette" "-foreground" "-no-remote" "-profile" "/tmp/rust_mozprofileHs47Dl"
console.warn: SearchSettings: "get: No settings file exists, new profile?" (new Error("", "(unknown module)"))
1607494827251	Marionette	INFO	Listening on port 39903
1607494827427	Marionette	WARN	TLS certificate errors will be ignored for this session
JavaScript warning: https://web.whatsapp.com/app.2198ddf01f3c0b7f4b84.js, line 1: unreachable code after return statement
JavaScript warning: https://web.whatsapp.com/app.2198ddf01f3c0b7f4b84.js, line 1: unreachable code after return statement
Exiting due to channel error.
[GFX1-]: Receive IPC close with reason=AbnormalShutdown
Exiting due to channel error.
Exiting due to channel error.
1607494945572	geckodriver	INFO	Listening on 127.0.0.1:60523
1607494945600	mozrunner::runner	INFO	Running command: "/usr/bin/firefox" "--marionette" "-foreground" "-no-remote" "-profile" "/tmp/rust_mozprofileXGOtFK"
console.warn: SearchSettings: "get: No settings file exists, new profile?" (new Error("", "(unknown module)"))
1607494954057	Marionette	INFO	Listening on port 36797
1607494954245	Marionette	WARN	TLS certificate errors will be ignored for this session
JavaScript warning: https://web.whatsapp.com/app.2198ddf01f3c0b7f4b84.js, line 1: unreachable code after return statement
JavaScript warning: https://web.whatsapp.com/app.2198ddf01f3c0b7f4b84.js, line 1: unreachable code after return statement
1607495073324	geckodriver	INFO	Listening on 127.0.0.1:44737
1607495073345	mozrunner::runner	INFO	Running command: "/usr/bin/firefox" "--marionette" "-foreground" "-no-remote" "-profile" "/tmp/rust_mozprofilesk0xgM"
console.warn: SearchSettings: "get: No settings file exists, new profile?" (new Error("", "(unknown module)"))
1607495085013	Marionette	INFO	Listening on port 37235
1607495085032	Marionette	INFO	Stopped listening on port 36797
1607495085260	Marionette	WARN	TLS certificate errors will be ignored for this session
JavaScript warning: https://web.whatsapp.com/app.2198ddf01f3c0b7f4b84.js, line 1: unreachable code after return statement
JavaScript warning: https://web.whatsapp.com/app.2198ddf01f3c0b7f4b84.js, line 1: unreachable code after return statement
1607495153380	geckodriver	INFO	Listening on 127.0.0.1:35563
1607495153394	mozrunner::runner	INFO	Running command: "/usr/bin/firefox" "--marionette" "-foreground" "-no-remote" "-profile" "/tmp/rust_mozprofileTsUi6L"
console.warn: SearchSettings: "get: No settings file exists, new profile?" (new Error("", "(unknown module)"))
1607495164679	Marionette	INFO	Stopped listening on port 37235
1607495165776	Marionette	INFO	Listening on port 36029
1607495165960	Marionette	WARN	TLS certificate errors will be ignored for this session
JavaScript warning: https://web.whatsapp.com/app.2198ddf01f3c0b7f4b84.js, line 1: unreachable code after return statement
JavaScript warning: https://web.whatsapp.com/app.2198ddf01f3c0b7f4b84.js, line 1: unreachable code after return statement
1607495323299	Marionette	INFO	Stopped listening on port 36029
1607495331016	geckodriver	INFO	Listening on 127.0.0.1:40319
1607495331039	mozrunner::runner	INFO	Running command: "/usr/bin/firefox" "--marionette" "-foreground" "-no-remote" "-profile" "/tmp/rust_mozprofileleewrK"
console.warn: SearchSettings: "get: No settings file exists, new profile?" (new Error("", "(unknown module)"))
1607495339233	Marionette	INFO	Listening on port 36441
1607495339394	Marionette	WARN	TLS certificate errors will be ignored for this session
JavaScript warning: https://web.whatsapp.com/app.2198ddf01f3c0b7f4b84.js, line 1: unreachable code after return statement
JavaScript warning: https://web.whatsapp.com/app.2198ddf01f3c0b7f4b84.js, line 1: unreachable code after return statement
1607495589624	Marionette	INFO	Stopped listening on port 36441
1607495592823	geckodriver	INFO	Listening on 127.0.0.1:57957
1607495592846	mozrunner::runner	INFO	Running command: "/usr/bin/firefox" "--marionette" "-foreground" "-no-remote" "-profile" "/tmp/rust_mozprofileJeXNmz"
console.warn: SearchSettings: "get: No settings file exists, new profile?" (new Error("", "(unknown module)"))
1607495601358	Marionette	INFO	Listening on port 42469
1607495601493	Marionette	WARN	TLS certificate errors will be ignored for this session
JavaScript warning: https://web.whatsapp.com/app.2198ddf01f3c0b7f4b84.js, line 1: unreachable code after return statement
JavaScript warning: https://web.whatsapp.com/app.2198ddf01f3c0b7f4b84.js, line 1: unreachable code after return statement
1607495676160	geckodriver	INFO	Listening on 127.0.0.1:36565
1607495676181	mozrunner::runner	INFO	Running command: "/usr/bin/firefox" "--marionette" "-foreground" "-no-remote" "-profile" "/tmp/rust_mozprofileFylISM"
console.warn: SearchSettings: "get: No settings file exists, new profile?" (new Error("", "(unknown module)"))
1607495682208	Marionette	INFO	Stopped listening on port 42469
1607495686135	Marionette	INFO	Listening on port 46613
1607495686362	Marionette	WARN	TLS certificate errors will be ignored for this session
JavaScript warning: https://web.whatsapp.com/app.2198ddf01f3c0b7f4b84.js, line 1: unreachable code after return statement
JavaScript warning: https://web.whatsapp.com/app.2198ddf01f3c0b7f4b84.js, line 1: unreachable code after return statement
1607495803311	Marionette	INFO	Stopped listening on port 46613
1607495815839	geckodriver	INFO	Listening on 127.0.0.1:56753
1607495815860	mozrunner::runner	INFO	Running command: "/usr/bin/firefox" "--marionette" "-foreground" "-no-remote" "-profile" "/tmp/rust_mozprofilewl1xfW"
console.warn: SearchSettings: "get: No settings file exists, new profile?" (new Error("", "(unknown module)"))
1607495824756	Marionette	INFO	Listening on port 42965
1607495824921	Marionette	WARN	TLS certificate errors will be ignored for this session
JavaScript warning: https://web.whatsapp.com/app.2198ddf01f3c0b7f4b84.js, line 1: unreachable code after return statement
JavaScript warning: https://web.whatsapp.com/app.2198ddf01f3c0b7f4b84.js, line 1: unreachable code after return statement
1607495906318	Marionette	INFO	Stopped listening on port 42965
1607495914300	geckodriver	INFO	Listening on 127.0.0.1:39895
1607495914331	mozrunner::runner	INFO	Running command: "/usr/bin/firefox" "--marionette" "-foreground" "-no-remote" "-profile" "/tmp/rust_mozprofilez5oFBK"
console.warn: SearchSettings: "get: No settings file exists, new profile?" (new Error("", "(unknown module)"))
1607495923522	Marionette	INFO	Listening on port 43951
1607495923705	Marionette	WARN	TLS certificate errors will be ignored for this session
JavaScript warning: https://web.whatsapp.com/app.2198ddf01f3c0b7f4b84.js, line 1: unreachable code after return statement
JavaScript warning: https://web.whatsapp.com/app.2198ddf01f3c0b7f4b84.js, line 1: unreachable code after return statement

###!!! [Parent][RunMessage] Error: Channel closing: too late to send/recv, messages will be lost


###!!! [Parent][RunMessage] Error: Channel closing: too late to send/recv, messages will be lost


###!!! [Parent][RunMessage] Error: Channel closing: too late to send/recv, messages will be lost


###!!! [Parent][RunMessage] Error: Channel closing: too late to send/recv, messages will be lost


###!!! [Parent][RunMessage] Error: Channel closing: too late to send/recv, messages will be lost


###!!! [Parent][RunMessage] Error: Channel closing: too late to send/recv, messages will be lost


###!!! [Parent][RunMessage] Error: Channel closing: too late to send/recv, messages will be lost


###!!! [Parent][RunMessage] Error: Channel closing: too late to send/recv, messages will be lost


###!!! [Parent][RunMessage] Error: Channel closing: too late to send/recv, messages will be lost


###!!! [Parent][RunMessage] Error: Channel closing: too late to send/recv, messages will be lost


###!!! [Parent][RunMessage] Error: Channel closing: too late to send/recv, messages will be lost


###!!! [Parent][RunMessage] Error: Channel closing: too late to send/recv, messages will be lost


###!!! [Parent][RunMessage] Error: Channel closing: too late to send/recv, messages will be lost


###!!! [Parent][RunMessage] Error: Channel closing: too late to send/recv, messages will be lost

1607496041268	Marionette	INFO	Stopped listening on port 43951
1607497731096	geckodriver	INFO	Listening on 127.0.0.1:55509
1607497731117	mozrunner::runner	INFO	Running command: "/usr/bin/firefox" "--marionette" "-foreground" "-no-remote" "-profile" "/tmp/rust_mozprofilegjep2A"
console.warn: SearchSettings: "get: No settings file exists, new profile?" (new Error("", "(unknown module)"))
1607497739788	Marionette	INFO	Listening on port 38747
1607497739925	Marionette	WARN	TLS certificate errors will be ignored for this session
JavaScript warning: https://web.whatsapp.com/app.2198ddf01f3c0b7f4b84.js, line 1: unreachable code after return statement
JavaScript warning: https://web.whatsapp.com/app.2198ddf01f3c0b7f4b84.js, line 1: unreachable code after return statement
IPDL protocol error: Handler returned error code!

###!!! [Parent][DispatchAsyncMessage] Error: PLayerTransaction::Msg_ReleaseLayer Processing error: message was deserialized, but the handler returned false (indicating failure)

IPDL protocol error: Handler returned error code!

###!!! [Parent][DispatchAsyncMessage] Error: PLayerTransaction::Msg_ReleaseLayer Processing error: message was deserialized, but the handler returned false (indicating failure)

IPDL protocol error: Handler returned error code!

###!!! [Parent][DispatchAsyncMessage] Error: PLayerTransaction::Msg_ReleaseLayer Processing error: message was deserialized, but the handler returned false (indicating failure)

IPDL protocol error: Handler returned error code!

###!!! [Parent][DispatchAsyncMessage] Error: PLayerTransaction::Msg_ReleaseLayer Processing error: message was deserialized, but the handler returned false (indicating failure)

IPDL protocol error: Handler returned error code!

###!!! [Parent][DispatchAsyncMessage] Error: PLayerTransaction::Msg_ReleaseLayer Processing error: message was deserialized, but the handler returned false (indicating failure)

IPDL protocol error: Handler returned error code!

###!!! [Parent][DispatchAsyncMessage] Error: PLayerTransaction::Msg_ReleaseLayer Processing error: message was deserialized, but the handler returned false (indicating failure)

IPDL protocol error: Handler returned error code!

###!!! [Parent][DispatchAsyncMessage] Error: PLayerTransaction::Msg_ReleaseLayer Processing error: message was deserialized, but the handler returned false (indicating failure)

IPDL protocol error: Handler returned error code!

###!!! [Parent][DispatchAsyncMessage] Error: PLayerTransaction::Msg_ReleaseLayer Processing error: message was deserialized, but the handler returned false (indicating failure)

IPDL protocol error: Handler returned error code!

###!!! [Parent][DispatchAsyncMessage] Error: PLayerTransaction::Msg_ReleaseLayer Processing error: message was deserialized, but the handler returned false (indicating failure)

1607497788561	Marionette	INFO	Stopped listening on port 38747
1607497793332	geckodriver	INFO	Listening on 127.0.0.1:51543
1607497793356	mozrunner::runner	INFO	Running command: "/usr/bin/firefox" "--marionette" "-foreground" "-no-remote" "-profile" "/tmp/rust_mozprofile6T9THX"
console.warn: SearchSettings: "get: No settings file exists, new profile?" (new Error("", "(unknown module)"))
1607497802079	Marionette	INFO	Listening on port 42829
1607497802260	Marionette	WARN	TLS certificate errors will be ignored for this session
JavaScript warning: https://web.whatsapp.com/app.2198ddf01f3c0b7f4b84.js, line 1: unreachable code after return statement
JavaScript warning: https://web.whatsapp.com/app.2198ddf01f3c0b7f4b84.js, line 1: unreachable code after return statement
JavaScript warning: https://web.whatsapp.com/app.2198ddf01f3c0b7f4b84.js, line 1: unreachable code after return statement
JavaScript error: resource://gre/actors/AutoCompleteChild.jsm, line 235: Error: Invalid autocomplete selectedIndex
JavaScript error: resource://gre/actors/AutoCompleteChild.jsm, line 235: Error: Invalid autocomplete selectedIndex
JavaScript error: resource://gre/actors/AutoCompleteChild.jsm, line 235: Error: Invalid autocomplete selectedIndex
JavaScript error: resource://gre/actors/AutoCompleteChild.jsm, line 235: Error: Invalid autocomplete selectedIndex
JavaScript error: resource://gre/actors/AutoCompleteChild.jsm, line 235: Error: Invalid autocomplete selectedIndex
JavaScript error: resource://gre/actors/AutoCompleteChild.jsm, line 235: Error: Invalid autocomplete selectedIndex
1607498704106	geckodriver	INFO	Listening on 127.0.0.1:56049
1607498704130	mozrunner::runner	INFO	Running command: "/usr/bin/firefox" "--marionette" "-foreground" "-no-remote" "-profile" "/tmp/rust_mozprofileTAl7fM"
IPDL protocol error: Handler returned error code!

###!!! [Parent][DispatchAsyncMessage] Error: PLayerTransaction::Msg_ReleaseLayer Processing error: message was deserialized, but the handler returned false (indicating failure)

IPDL protocol error: Handler returned error code!

###!!! [Parent][DispatchAsyncMessage] Error: PLayerTransaction::Msg_ReleaseLayer Processing error: message was deserialized, but the handler returned false (indicating failure)

IPDL protocol error: Handler returned error code!

###!!! [Parent][DispatchAsyncMessage] Error: PLayerTransaction::Msg_ReleaseLayer Processing error: message was deserialized, but the handler returned false (indicating failure)

IPDL protocol error: Handler returned error code!

###!!! [Parent][DispatchAsyncMessage] Error: PLayerTransaction::Msg_ReleaseLayer Processing error: message was deserialized, but the handler returned false (indicating failure)

IPDL protocol error: Handler returned error code!

###!!! [Parent][DispatchAsyncMessage] Error: PLayerTransaction::Msg_ReleaseLayer Processing error: message was deserialized, but the handler returned false (indicating failure)

IPDL protocol error: Handler returned error code!

###!!! [Parent][DispatchAsyncMessage] Error: PLayerTransaction::Msg_ReleaseLayer Processing error: message was deserialized, but the handler returned false (indicating failure)

IPDL protocol error: Handler returned error code!

###!!! [Parent][DispatchAsyncMessage] Error: PLayerTransaction::Msg_ReleaseLayer Processing error: message was deserialized, but the handler returned false (indicating failure)

IPDL protocol error: Handler returned error code!

###!!! [Parent][DispatchAsyncMessage] Error: PLayerTransaction::Msg_ReleaseLayer Processing error: message was deserialized, but the handler returned false (indicating failure)

IPDL protocol error: Handler returned error code!

###!!! [Parent][DispatchAsyncMessage] Error: PLayerTransaction::Msg_ReleaseLayer Processing error: message was deserialized, but the handler returned false (indicating failure)

IPDL protocol error: Handler returned error code!

###!!! [Parent][DispatchAsyncMessage] Error: PLayerTransaction::Msg_ReleaseLayer Processing error: message was deserialized, but the handler returned false (indicating failure)

IPDL protocol error: Handler returned error code!

###!!! [Parent][DispatchAsyncMessage] Error: PLayerTransaction::Msg_ReleaseLayer Processing error: message was deserialized, but the handler returned false (indicating failure)

IPDL protocol error: Handler returned error code!

###!!! [Parent][DispatchAsyncMessage] Error: PLayerTransaction::Msg_ReleaseLayer Processing error: message was deserialized, but the handler returned false (indicating failure)

IPDL protocol error: Handler returned error code!

###!!! [Parent][DispatchAsyncMessage] Error: PLayerTransaction::Msg_ReleaseLayer Processing error: message was deserialized, but the handler returned false (indicating failure)

console.warn: SearchSettings: "get: No settings file exists, new profile?" (new Error("", "(unknown module)"))
1607498709973	Marionette	INFO	Stopped listening on port 42829
1607498713586	Marionette	INFO	Listening on port 32793
1607498713918	Marionette	WARN	TLS certificate errors will be ignored for this session
JavaScript warning: https://web.whatsapp.com/app.2198ddf01f3c0b7f4b84.js, line 1: unreachable code after return statement
JavaScript warning: https://web.whatsapp.com/app.2198ddf01f3c0b7f4b84.js, line 1: unreachable code after return statement
JavaScript warning: https://web.whatsapp.com/app.2198ddf01f3c0b7f4b84.js, line 1: unreachable code after return statement
JavaScript warning: https://web.whatsapp.com/app.2198ddf01f3c0b7f4b84.js, line 1: unreachable code after return statement
JavaScript error: resource://devtools/client/fronts/node.js, line 418: TypeError: this.parentFront is null
console.warn: "Async method failed in safeAsyncMethod" (new Error("Connection closed, pending request to server0.conn1.child3/domwalker24, type cancelPick failed\n\nRequest stack:\nrequest@resource://devtools/shared/protocol/Front.js:280:14\ngenerateRequestMethods/</frontProto[name]@resource://devtools/shared/protocol/Front/FrontClassWithSpec.js:46:19\ncancelPick@resource://devtools/client/fronts/walker.js:617:18\nexports.safeAsyncMethod/<@resource://devtools/shared/async-utils.js:57:25\n_onInspectorFrontDestroyed@resource://devtools/client/inspector/node-picker.js:112:18\n_emit@resource://devtools/shared/event-emitter.js:226:34\nemit@resource://devtools/shared/event-emitter.js:172:18\nemit@resource://devtools/shared/event-emitter.js:324:18\nunmanage@resource://devtools/shared/protocol/Front.js:160:37\ndestroy@resource://devtools/shared/protocol/Pool.js:167:14\ndestroy@resource://devtools/shared/protocol/Front.js:65:11\ndestroy@resource://devtools/client/fronts/inspector.js:104:11\n_destroyTarget@resource://devtools/client/fronts/targets/target-mixin.js:664:17\n", "resource://devtools/shared/protocol/Front.js", 101))

###!!! [Parent][RunMessage] Error: Channel closing: too late to send/recv, messages will be lost

IPDL protocol error: Handler returned error code!

###!!! [Parent][DispatchAsyncMessage] Error: PLayerTransaction::Msg_ReleaseLayer Processing error: message was deserialized, but the handler returned false (indicating failure)

IPDL protocol error: Handler returned error code!

###!!! [Parent][DispatchAsyncMessage] Error: PLayerTransaction::Msg_ReleaseLayer Processing error: message was deserialized, but the handler returned false (indicating failure)

IPDL protocol error: Handler returned error code!

###!!! [Parent][DispatchAsyncMessage] Error: PLayerTransaction::Msg_ReleaseLayer Processing error: message was deserialized, but the handler returned false (indicating failure)

IPDL protocol error: Handler returned error code!

###!!! [Parent][DispatchAsyncMessage] Error: PLayerTransaction::Msg_ReleaseLayer Processing error: message was deserialized, but the handler returned false (indicating failure)

IPDL protocol error: Handler returned error code!

###!!! [Parent][DispatchAsyncMessage] Error: PLayerTransaction::Msg_ReleaseLayer Processing error: message was deserialized, but the handler returned false (indicating failure)

IPDL protocol error: Handler returned error code!

###!!! [Parent][DispatchAsyncMessage] Error: PLayerTransaction::Msg_ReleaseLayer Processing error: message was deserialized, but the handler returned false (indicating failure)

IPDL protocol error: Handler returned error code!

###!!! [Parent][DispatchAsyncMessage] Error: PLayerTransaction::Msg_ReleaseLayer Processing error: message was deserialized, but the handler returned false (indicating failure)

IPDL protocol error: Handler returned error code!

###!!! [Parent][DispatchAsyncMessage] Error: PLayerTransaction::Msg_ReleaseLayer Processing error: message was deserialized, but the handler returned false (indicating failure)

IPDL protocol error: Handler returned error code!

###!!! [Parent][DispatchAsyncMessage] Error: PLayerTransaction::Msg_ReleaseLayer Processing error: message was deserialized, but the handler returned false (indicating failure)

IPDL protocol error: Handler returned error code!

###!!! [Parent][DispatchAsyncMessage] Error: PLayerTransaction::Msg_ReleaseLayer Processing error: message was deserialized, but the handler returned false (indicating failure)

IPDL protocol error: Handler returned error code!

###!!! [Parent][DispatchAsyncMessage] Error: PLayerTransaction::Msg_ReleaseLayer Processing error: message was deserialized, but the handler returned false (indicating failure)

IPDL protocol error: Handler returned error code!

###!!! [Parent][DispatchAsyncMessage] Error: PLayerTransaction::Msg_ReleaseLayer Processing error: message was deserialized, but the handler returned false (indicating failure)

IPDL protocol error: Handler returned error code!

###!!! [Parent][DispatchAsyncMessage] Error: PLayerTransaction::Msg_ReleaseLayer Processing error: message was deserialized, but the handler returned false (indicating failure)

1607499269617	Marionette	INFO	Stopped listening on port 32793
1607499279311	geckodriver	INFO	Listening on 127.0.0.1:58759
1607499279335	mozrunner::runner	INFO	Running command: "/usr/bin/firefox" "--marionette" "-foreground" "-no-remote" "-profile" "/tmp/rust_mozprofilevk7oOd"
console.warn: SearchSettings: "get: No settings file exists, new profile?" (new Error("", "(unknown module)"))
1607499288389	Marionette	INFO	Listening on port 40743
1607499288500	Marionette	WARN	TLS certificate errors will be ignored for this session
JavaScript warning: https://web.whatsapp.com/app.2198ddf01f3c0b7f4b84.js, line 1: unreachable code after return statement
JavaScript warning: https://web.whatsapp.com/app.2198ddf01f3c0b7f4b84.js, line 1: unreachable code after return statement
1607499373135	Marionette	INFO	Stopped listening on port 40743
1607499566489	geckodriver	INFO	Listening on 127.0.0.1:59269
1607499566512	mozrunner::runner	INFO	Running command: "/usr/bin/firefox" "--marionette" "-foreground" "-no-remote" "-profile" "/tmp/rust_mozprofile1ZSeIm"
console.warn: SearchSettings: "get: No settings file exists, new profile?" (new Error("", "(unknown module)"))
1607499575095	Marionette	INFO	Listening on port 45729
1607499575384	Marionette	WARN	TLS certificate errors will be ignored for this session
JavaScript warning: https://web.whatsapp.com/app.2198ddf01f3c0b7f4b84.js, line 1: unreachable code after return statement
JavaScript warning: https://web.whatsapp.com/app.2198ddf01f3c0b7f4b84.js, line 1: unreachable code after return statement
1607499677409	Marionette	INFO	Stopped listening on port 45729
1607500036597	geckodriver	INFO	Listening on 127.0.0.1:38549
1607500036619	mozrunner::runner	INFO	Running command: "/usr/bin/firefox" "--marionette" "-foreground" "-no-remote" "-profile" "/tmp/rust_mozprofileLmMaPa"
console.warn: SearchSettings: "get: No settings file exists, new profile?" (new Error("", "(unknown module)"))
1607500044789	Marionette	INFO	Listening on port 33683
1607500044964	Marionette	WARN	TLS certificate errors will be ignored for this session
JavaScript warning: https://web.whatsapp.com/app.2198ddf01f3c0b7f4b84.js, line 1: unreachable code after return statement
JavaScript warning: https://web.whatsapp.com/app.2198ddf01f3c0b7f4b84.js, line 1: unreachable code after return statement
Exiting due to channel error.
[GFX1-]: Receive IPC close with reason=AbnormalShutdown
Exiting due to channel error.
Exiting due to channel error.
1607500159070	geckodriver	INFO	Listening on 127.0.0.1:34995
1607500159096	mozrunner::runner	INFO	Running command: "/usr/bin/firefox" "--marionette" "-foreground" "-no-remote" "-profile" "/tmp/rust_mozprofilesDNp5F"
console.warn: SearchSettings: "get: No settings file exists, new profile?" (new Error("", "(unknown module)"))
1607500167459	Marionette	INFO	Listening on port 34123
1607500167635	Marionette	WARN	TLS certificate errors will be ignored for this session
JavaScript warning: https://web.whatsapp.com/app.2198ddf01f3c0b7f4b84.js, line 1: unreachable code after return statement
JavaScript warning: https://web.whatsapp.com/app.2198ddf01f3c0b7f4b84.js, line 1: unreachable code after return statement
1607500229677	Marionette	INFO	Stopped listening on port 34123
1607500818518	geckodriver	INFO	Listening on 127.0.0.1:49151
1607500818536	mozrunner::runner	INFO	Running command: "/usr/bin/firefox" "--marionette" "-foreground" "-no-remote" "-profile" "/tmp/rust_mozprofilemEFzKS"
console.warn: SearchSettings: "get: No settings file exists, new profile?" (new Error("", "(unknown module)"))
1607500827343	Marionette	INFO	Listening on port 39263
1607500827612	Marionette	WARN	TLS certificate errors will be ignored for this session
JavaScript warning: https://web.whatsapp.com/app.2198ddf01f3c0b7f4b84.js, line 1: unreachable code after return statement
JavaScript warning: https://web.whatsapp.com/app.2198ddf01f3c0b7f4b84.js, line 1: unreachable code after return statement
Exiting due to channel error.
Exiting due to channel error.
[GFX1-]: Receive IPC close with reason=AbnormalShutdown
Exiting due to channel error.
1607501006997	geckodriver	INFO	Listening on 127.0.0.1:44305
1607501007024	mozrunner::runner	INFO	Running command: "/usr/bin/firefox" "--marionette" "-foreground" "-no-remote" "-profile" "/tmp/rust_mozprofile0fsGjs"
console.warn: SearchSettings: "get: No settings file exists, new profile?" (new Error("", "(unknown module)"))
1607501015461	Marionette	INFO	Listening on port 38757
1607501015642	Marionette	WARN	TLS certificate errors will be ignored for this session
JavaScript warning: https://web.whatsapp.com/app.2198ddf01f3c0b7f4b84.js, line 1: unreachable code after return statement
JavaScript warning: https://web.whatsapp.com/app.2198ddf01f3c0b7f4b84.js, line 1: unreachable code after return statement
Exiting due to channel error.
[GFX1-]: Receive IPC close with reason=AbnormalShutdown
Exiting due to channel error.
Exiting due to channel error.
1607501325720	geckodriver	INFO	Listening on 127.0.0.1:55785
1607501325742	mozrunner::runner	INFO	Running command: "/usr/bin/firefox" "--marionette" "-foreground" "-no-remote" "-profile" "/tmp/rust_mozprofiley6OfQB"
console.warn: SearchSettings: "get: No settings file exists, new profile?" (new Error("", "(unknown module)"))
1607501334103	Marionette	INFO	Listening on port 42225
1607501334313	Marionette	WARN	TLS certificate errors will be ignored for this session
JavaScript warning: https://web.whatsapp.com/app.2198ddf01f3c0b7f4b84.js, line 1: unreachable code after return statement
JavaScript warning: https://web.whatsapp.com/app.2198ddf01f3c0b7f4b84.js, line 1: unreachable code after return statement
Exiting due to channel error.
Exiting due to channel error.
[GFX1-]: Receive IPC close with reason=AbnormalShutdown
Exiting due to channel error.
1607502625598	geckodriver	INFO	Listening on 127.0.0.1:48399
1607502625621	mozrunner::runner	INFO	Running command: "/usr/bin/firefox" "--marionette" "-foreground" "-no-remote" "-profile" "/tmp/rust_mozprofilem7SxsE"
console.warn: SearchSettings: "get: No settings file exists, new profile?" (new Error("", "(unknown module)"))
1607502633720	Marionette	INFO	Listening on port 36769
1607502633994	Marionette	WARN	TLS certificate errors will be ignored for this session
JavaScript warning: https://web.whatsapp.com/app.2198ddf01f3c0b7f4b84.js, line 1: unreachable code after return statement
JavaScript warning: https://web.whatsapp.com/app.2198ddf01f3c0b7f4b84.js, line 1: unreachable code after return statement
1607502721418	Marionette	INFO	Stopped listening on port 36769
1607502722762	geckodriver	INFO	Listening on 127.0.0.1:50793
1607502722783	mozrunner::runner	INFO	Running command: "/usr/bin/firefox" "--marionette" "-foreground" "-no-remote" "-profile" "/tmp/rust_mozprofilemhkMGd"
console.warn: SearchSettings: "get: No settings file exists, new profile?" (new Error("", "(unknown module)"))
1607502731336	Marionette	INFO	Listening on port 36923
1607502731530	Marionette	WARN	TLS certificate errors will be ignored for this session
JavaScript warning: https://web.whatsapp.com/app.2198ddf01f3c0b7f4b84.js, line 1: unreachable code after return statement
JavaScript warning: https://web.whatsapp.com/app.2198ddf01f3c0b7f4b84.js, line 1: unreachable code after return statement
1607502886344	geckodriver	INFO	Listening on 127.0.0.1:35035
1607502886367	mozrunner::runner	INFO	Running command: "/usr/bin/firefox" "--marionette" "-foreground" "-no-remote" "-profile" "/tmp/rust_mozprofile93DHQx"
1607502888370	Marionette	INFO	Stopped listening on port 36923
console.warn: SearchSettings: "get: No settings file exists, new profile?" (new Error("", "(unknown module)"))
1607502895207	Marionette	INFO	Listening on port 44861
1607502895329	Marionette	WARN	TLS certificate errors will be ignored for this session
JavaScript warning: https://web.whatsapp.com/app.2198ddf01f3c0b7f4b84.js, line 1: unreachable code after return statement
JavaScript warning: https://web.whatsapp.com/app.2198ddf01f3c0b7f4b84.js, line 1: unreachable code after return statement
1607503217674	Marionette	INFO	Stopped listening on port 44861
1607503393807	geckodriver	INFO	Listening on 127.0.0.1:60105
1607503393829	mozrunner::runner	INFO	Running command: "/usr/bin/firefox" "--marionette" "-foreground" "-no-remote" "-profile" "/tmp/rust_mozprofileTfdUrw"
console.warn: SearchSettings: "get: No settings file exists, new profile?" (new Error("", "(unknown module)"))
1607503401975	Marionette	INFO	Listening on port 46721
1607503402175	Marionette	WARN	TLS certificate errors will be ignored for this session
JavaScript warning: https://web.whatsapp.com/app.2198ddf01f3c0b7f4b84.js, line 1: unreachable code after return statement
JavaScript warning: https://web.whatsapp.com/app.2198ddf01f3c0b7f4b84.js, line 1: unreachable code after return statement
1607503515885	Marionette	INFO	Stopped listening on port 46721
1607503517128	geckodriver	INFO	Listening on 127.0.0.1:50513
1607503517149	mozrunner::runner	INFO	Running command: "/usr/bin/firefox" "--marionette" "-foreground" "-no-remote" "-profile" "/tmp/rust_mozprofileZGlSfX"
console.warn: SearchSettings: "get: No settings file exists, new profile?" (new Error("", "(unknown module)"))
1607503525506	Marionette	INFO	Listening on port 46091
1607503525639	Marionette	WARN	TLS certificate errors will be ignored for this session
JavaScript warning: https://web.whatsapp.com/app.2198ddf01f3c0b7f4b84.js, line 1: unreachable code after return statement
JavaScript warning: https://web.whatsapp.com/app.2198ddf01f3c0b7f4b84.js, line 1: unreachable code after return statement
1607503621195	Marionette	INFO	Stopped listening on port 46091
1607503622081	geckodriver	INFO	Listening on 127.0.0.1:47931
1607503622103	mozrunner::runner	INFO	Running command: "/usr/bin/firefox" "--marionette" "-foreground" "-no-remote" "-profile" "/tmp/rust_mozprofilegvR4aU"
console.warn: SearchSettings: "get: No settings file exists, new profile?" (new Error("", "(unknown module)"))
1607503630134	Marionette	INFO	Listening on port 37043
1607503630237	Marionette	WARN	TLS certificate errors will be ignored for this session
JavaScript warning: https://web.whatsapp.com/app.2198ddf01f3c0b7f4b84.js, line 1: unreachable code after return statement
JavaScript warning: https://web.whatsapp.com/app.2198ddf01f3c0b7f4b84.js, line 1: unreachable code after return statement
1607503723703	geckodriver	INFO	Listening on 127.0.0.1:58621
1607503723731	mozrunner::runner	INFO	Running command: "/usr/bin/firefox" "--marionette" "-foreground" "-no-remote" "-profile" "/tmp/rust_mozprofileyWIWAs"
1607503726606	Marionette	INFO	Stopped listening on port 37043
console.warn: SearchSettings: "get: No settings file exists, new profile?" (new Error("", "(unknown module)"))
1607503732714	Marionette	INFO	Listening on port 41147
1607503732907	Marionette	WARN	TLS certificate errors will be ignored for this session
JavaScript warning: https://web.whatsapp.com/app.2198ddf01f3c0b7f4b84.js, line 1: unreachable code after return statement
JavaScript warning: https://web.whatsapp.com/app.2198ddf01f3c0b7f4b84.js, line 1: unreachable code after return statement

###!!! [Parent][MessageChannel] Error: (msgtype=0x6A0008,name=PMessagePort::Msg___delete__) Channel closing: too late to send/recv, messages will be lost


###!!! [Parent][RunMessage] Error: Channel closing: too late to send/recv, messages will be lost


###!!! [Parent][RunMessage] Error: Channel closing: too late to send/recv, messages will be lost


###!!! [Parent][RunMessage] Error: Channel closing: too late to send/recv, messages will be lost


###!!! [Parent][RunMessage] Error: Channel closing: too late to send/recv, messages will be lost


###!!! [Parent][RunMessage] Error: Channel closing: too late to send/recv, messages will be lost


###!!! [Parent][RunMessage] Error: Channel closing: too late to send/recv, messages will be lost


###!!! [Parent][RunMessage] Error: Channel closing: too late to send/recv, messages will be lost


###!!! [Parent][RunMessage] Error: Channel closing: too late to send/recv, messages will be lost


###!!! [Parent][RunMessage] Error: Channel closing: too late to send/recv, messages will be lost


###!!! [Parent][RunMessage] Error: Channel closing: too late to send/recv, messages will be lost


###!!! [Parent][RunMessage] Error: Channel closing: too late to send/recv, messages will be lost

1607503863410	Marionette	INFO	Stopped listening on port 41147
1607503878102	geckodriver	INFO	Listening on 127.0.0.1:58635
1607503878126	mozrunner::runner	INFO	Running command: "/usr/bin/firefox" "--marionette" "-foreground" "-no-remote" "-profile" "/tmp/rust_mozprofileAVWPpn"
console.warn: SearchSettings: "get: No settings file exists, new profile?" (new Error("", "(unknown module)"))
1607503886428	Marionette	INFO	Listening on port 40063
1607503886708	Marionette	WARN	TLS certificate errors will be ignored for this session
JavaScript warning: https://web.whatsapp.com/app.2198ddf01f3c0b7f4b84.js, line 1: unreachable code after return statement
JavaScript warning: https://web.whatsapp.com/app.2198ddf01f3c0b7f4b84.js, line 1: unreachable code after return statement
1607503936747	Marionette	INFO	Stopped listening on port 40063
JavaScript error: resource://gre/modules/osfile/osfile_async_front.jsm, line 426: Error: OS.File has been shut down. Rejecting post to writeAtomic
1607503955840	geckodriver	INFO	Listening on 127.0.0.1:54469
1607503955861	mozrunner::runner	INFO	Running command: "/usr/bin/firefox" "--marionette" "-foreground" "-no-remote" "-profile" "/tmp/rust_mozprofileSCYZ9r"
console.warn: SearchSettings: "get: No settings file exists, new profile?" (new Error("", "(unknown module)"))
1607503963950	Marionette	INFO	Listening on port 37591
1607503964120	Marionette	WARN	TLS certificate errors will be ignored for this session
JavaScript warning: https://web.whatsapp.com/app.2198ddf01f3c0b7f4b84.js, line 1: unreachable code after return statement
JavaScript warning: https://web.whatsapp.com/app.2198ddf01f3c0b7f4b84.js, line 1: unreachable code after return statement
1607504140070	Marionette	INFO	Stopped listening on port 37591
1607504141119	geckodriver	INFO	Listening on 127.0.0.1:49741
1607504141138	mozrunner::runner	INFO	Running command: "/usr/bin/firefox" "--marionette" "-foreground" "-no-remote" "-profile" "/tmp/rust_mozprofileKMp8Iw"
console.warn: SearchSettings: "get: No settings file exists, new profile?" (new Error("", "(unknown module)"))
1607504149178	Marionette	INFO	Listening on port 39491
1607504149354	Marionette	WARN	TLS certificate errors will be ignored for this session
JavaScript warning: https://web.whatsapp.com/app.2198ddf01f3c0b7f4b84.js, line 1: unreachable code after return statement
JavaScript warning: https://web.whatsapp.com/app.2198ddf01f3c0b7f4b84.js, line 1: unreachable code after return statement
1607504166556	Marionette	INFO	Stopped listening on port 39491
1607507630237	geckodriver	INFO	Listening on 127.0.0.1:36057
1607507630258	mozrunner::runner	INFO	Running command: "/usr/bin/firefox" "--marionette" "-foreground" "-no-remote" "-profile" "/tmp/rust_mozprofile85WlGa"
console.warn: SearchSettings: "get: No settings file exists, new profile?" (new Error("", "(unknown module)"))
1607507638604	Marionette	INFO	Listening on port 45237
1607507638722	Marionette	WARN	TLS certificate errors will be ignored for this session
JavaScript warning: https://web.whatsapp.com/app.2198ddf01f3c0b7f4b84.js, line 1: unreachable code after return statement
JavaScript warning: https://web.whatsapp.com/app.2198ddf01f3c0b7f4b84.js, line 1: unreachable code after return statement
1607507698019	Marionette	INFO	Stopped listening on port 45237
1607507699068	geckodriver	INFO	Listening on 127.0.0.1:60191
1607507699089	mozrunner::runner	INFO	Running command: "/usr/bin/firefox" "--marionette" "-foreground" "-no-remote" "-profile" "/tmp/rust_mozprofilewE6TLD"
console.warn: SearchSettings: "get: No settings file exists, new profile?" (new Error("", "(unknown module)"))
1607507707164	Marionette	INFO	Listening on port 36377
1607507707326	Marionette	WARN	TLS certificate errors will be ignored for this session
JavaScript warning: https://web.whatsapp.com/app.2198ddf01f3c0b7f4b84.js, line 1: unreachable code after return statement
JavaScript warning: https://web.whatsapp.com/app.2198ddf01f3c0b7f4b84.js, line 1: unreachable code after return statement
1607508151756	Marionette	INFO	Stopped listening on port 36377
1607508157185	geckodriver	INFO	Listening on 127.0.0.1:57567
1607508157208	mozrunner::runner	INFO	Running command: "/usr/bin/firefox" "--marionette" "-foreground" "-no-remote" "-profile" "/tmp/rust_mozprofilelYR9aW"
console.warn: SearchSettings: "get: No settings file exists, new profile?" (new Error("", "(unknown module)"))
1607508165324	Marionette	INFO	Listening on port 42941
1607508165435	Marionette	WARN	TLS certificate errors will be ignored for this session
JavaScript warning: https://web.whatsapp.com/app.2198ddf01f3c0b7f4b84.js, line 1: unreachable code after return statement
JavaScript warning: https://web.whatsapp.com/app.2198ddf01f3c0b7f4b84.js, line 1: unreachable code after return statement
1607509660736	Marionette	INFO	Stopped listening on port 42941
1607509670083	geckodriver	INFO	Listening on 127.0.0.1:60235
1607509670104	mozrunner::runner	INFO	Running command: "/usr/bin/firefox" "--marionette" "-foreground" "-no-remote" "-profile" "/tmp/rust_mozprofilesDlfIC"
console.warn: SearchSettings: "get: No settings file exists, new profile?" (new Error("", "(unknown module)"))
1607509678363	Marionette	INFO	Listening on port 33277
1607509678558	Marionette	WARN	TLS certificate errors will be ignored for this session
JavaScript warning: https://web.whatsapp.com/app.2198ddf01f3c0b7f4b84.js, line 1: unreachable code after return statement
JavaScript warning: https://web.whatsapp.com/app.2198ddf01f3c0b7f4b84.js, line 1: unreachable code after return statement
1607509747494	Marionette	INFO	Stopped listening on port 33277
1607509749396	geckodriver	INFO	Listening on 127.0.0.1:60349
1607509749417	mozrunner::runner	INFO	Running command: "/usr/bin/firefox" "--marionette" "-foreground" "-no-remote" "-profile" "/tmp/rust_mozprofile8G4cbf"
console.warn: SearchSettings: "get: No settings file exists, new profile?" (new Error("", "(unknown module)"))
1607509757417	Marionette	INFO	Listening on port 45637
1607509757559	Marionette	WARN	TLS certificate errors will be ignored for this session
JavaScript warning: https://web.whatsapp.com/app.2198ddf01f3c0b7f4b84.js, line 1: unreachable code after return statement
JavaScript warning: https://web.whatsapp.com/app.2198ddf01f3c0b7f4b84.js, line 1: unreachable code after return statement
1607509962191	geckodriver	INFO	Listening on 127.0.0.1:33253
1607509962213	mozrunner::runner	INFO	Running command: "/usr/bin/firefox" "--marionette" "-foreground" "-no-remote" "-profile" "/tmp/rust_mozprofile9GSbF6"
1607509964439	Marionette	INFO	Stopped listening on port 45637
console.warn: SearchSettings: "get: No settings file exists, new profile?" (new Error("", "(unknown module)"))
1607509970688	Marionette	INFO	Listening on port 44811
1607509970854	Marionette	WARN	TLS certificate errors will be ignored for this session
JavaScript warning: https://web.whatsapp.com/app.2198ddf01f3c0b7f4b84.js, line 1: unreachable code after return statement
JavaScript warning: https://web.whatsapp.com/app.2198ddf01f3c0b7f4b84.js, line 1: unreachable code after return statement
Exiting due to channel error.
Exiting due to channel error.
Exiting due to channel error.
1607510201256	geckodriver	INFO	Listening on 127.0.0.1:45673
1607510201282	mozrunner::runner	INFO	Running command: "/usr/bin/firefox" "--marionette" "-foreground" "-no-remote" "-profile" "/tmp/rust_mozprofilebPbdIQ"
console.warn: SearchSettings: "get: No settings file exists, new profile?" (new Error("", "(unknown module)"))
1607510209342	Marionette	INFO	Listening on port 42065
1607510209531	Marionette	WARN	TLS certificate errors will be ignored for this session
JavaScript warning: https://web.whatsapp.com/app.2198ddf01f3c0b7f4b84.js, line 1: unreachable code after return statement
JavaScript warning: https://web.whatsapp.com/app.2198ddf01f3c0b7f4b84.js, line 1: unreachable code after return statement
1607510623967	Marionette	INFO	Stopped listening on port 42065
1607511907716	geckodriver	INFO	Listening on 127.0.0.1:58247
1607511907742	mozrunner::runner	INFO	Running command: "/usr/bin/firefox" "--marionette" "-foreground" "-no-remote" "-profile" "/tmp/rust_mozprofileUMRvYG"
console.warn: SearchSettings: "get: No settings file exists, new profile?" (new Error("", "(unknown module)"))
1607511915905	Marionette	INFO	Listening on port 39381
1607511916155	Marionette	WARN	TLS certificate errors will be ignored for this session
JavaScript warning: https://web.whatsapp.com/app.2198ddf01f3c0b7f4b84.js, line 1: unreachable code after return statement
JavaScript warning: https://web.whatsapp.com/app.2198ddf01f3c0b7f4b84.js, line 1: unreachable code after return statement
1607512076479	geckodriver	INFO	Listening on 127.0.0.1:56891
1607512076505	mozrunner::runner	INFO	Running command: "/usr/bin/firefox" "--marionette" "-foreground" "-no-remote" "-profile" "/tmp/rust_mozprofileyQiTxq"
1607512078891	Marionette	INFO	Stopped listening on port 39381
console.warn: SearchSettings: "get: No settings file exists, new profile?" (new Error("", "(unknown module)"))
1607512085351	Marionette	INFO	Listening on port 35319
1607512085530	Marionette	WARN	TLS certificate errors will be ignored for this session
JavaScript warning: https://web.whatsapp.com/app.2198ddf01f3c0b7f4b84.js, line 1: unreachable code after return statement
JavaScript warning: https://web.whatsapp.com/app.2198ddf01f3c0b7f4b84.js, line 1: unreachable code after return statement

###!!! [Parent][MessageChannel] Error: (msgtype=0x1F0011,name=PBackgroundStorage::Msg_Observe) Channel error: cannot send/recv

1607512266124	Marionette	INFO	Stopped listening on port 35319
1607512270267	geckodriver	INFO	Listening on 127.0.0.1:36797
1607512270293	mozrunner::runner	INFO	Running command: "/usr/bin/firefox" "--marionette" "-foreground" "-no-remote" "-profile" "/tmp/rust_mozprofilePE3k2J"
console.warn: SearchSettings: "get: No settings file exists, new profile?" (new Error("", "(unknown module)"))
1607512278394	Marionette	INFO	Listening on port 46521
1607512278528	Marionette	WARN	TLS certificate errors will be ignored for this session
JavaScript warning: https://web.whatsapp.com/app.2198ddf01f3c0b7f4b84.js, line 1: unreachable code after return statement
JavaScript warning: https://web.whatsapp.com/app.2198ddf01f3c0b7f4b84.js, line 1: unreachable code after return statement
Exiting due to channel error.
Exiting due to channel error.
Exiting due to channel error.
1607512391996	geckodriver	INFO	Listening on 127.0.0.1:35469
1607512392018	mozrunner::runner	INFO	Running command: "/usr/bin/firefox" "--marionette" "-foreground" "-no-remote" "-profile" "/tmp/rust_mozprofileaMAykK"
console.warn: SearchSettings: "get: No settings file exists, new profile?" (new Error("", "(unknown module)"))
1607512400223	Marionette	INFO	Listening on port 33787
1607512400377	Marionette	WARN	TLS certificate errors will be ignored for this session
JavaScript warning: https://web.whatsapp.com/app.2198ddf01f3c0b7f4b84.js, line 1: unreachable code after return statement
JavaScript warning: https://web.whatsapp.com/app.2198ddf01f3c0b7f4b84.js, line 1: unreachable code after return statement
Exiting due to channel error.
Exiting due to channel error.
Exiting due to channel error.
1607514955036	geckodriver	INFO	Listening on 127.0.0.1:34183
1607514955061	mozrunner::runner	INFO	Running command: "/usr/bin/firefox" "--marionette" "-foreground" "-no-remote" "-profile" "/tmp/rust_mozprofileheIEaT"
console.warn: SearchSettings: "get: No settings file exists, new profile?" (new Error("", "(unknown module)"))
1607514963122	Marionette	INFO	Listening on port 40555
1607514963441	Marionette	WARN	TLS certificate errors will be ignored for this session
JavaScript warning: https://web.whatsapp.com/app.2198ddf01f3c0b7f4b84.js, line 1: unreachable code after return statement
JavaScript warning: https://web.whatsapp.com/app.2198ddf01f3c0b7f4b84.js, line 1: unreachable code after return statement
1607515263036	geckodriver	INFO	Listening on 127.0.0.1:50875
1607515263059	mozrunner::runner	INFO	Running command: "/usr/bin/firefox" "--marionette" "-foreground" "-no-remote" "-profile" "/tmp/rust_mozprofile6v2qja"
1607515264837	Marionette	INFO	Stopped listening on port 40555
console.warn: SearchSettings: "get: No settings file exists, new profile?" (new Error("", "(unknown module)"))
1607515272270	Marionette	INFO	Listening on port 34555
1607515272425	Marionette	WARN	TLS certificate errors will be ignored for this session
JavaScript warning: https://web.whatsapp.com/app.2198ddf01f3c0b7f4b84.js, line 1: unreachable code after return statement
JavaScript warning: https://web.whatsapp.com/app.2198ddf01f3c0b7f4b84.js, line 1: unreachable code after return statement
Exiting due to channel error.
Exiting due to channel error.
Exiting due to channel error.
1607517724230	geckodriver	INFO	Listening on 127.0.0.1:60335
1607517724255	mozrunner::runner	INFO	Running command: "/usr/bin/firefox" "--marionette" "-foreground" "-no-remote" "-profile" "/tmp/rust_mozprofile7VuPF1"
console.warn: SearchSettings: "get: No settings file exists, new profile?" (new Error("", "(unknown module)"))
console.warn: services.settings: main/cfr-fxa sync interrupted by shutdown
console.warn: SearchService: "_init: abandoning init due to shutting down"
JavaScript error: , line 0: uncaught exception: 2147500036
JavaScript error: , line 0: uncaught exception: 2147500036
JavaScript error: , line 0: uncaught exception: 2147500036
JavaScript error: , line 0: uncaught exception: 2147500036
JavaScript error: , line 0: uncaught exception: 2147500036
JavaScript error: , line 0: uncaught exception: 2147500036
console.warn: services.settings: main/cfr sync interrupted by shutdown
console.error: Region.jsm: "Error fetching region" (new TypeError("NetworkError when attempting to fetch resource.", ""))
console.error: Region.jsm: "Failed to fetch region" (new Error("NO_RESULT", "resource://gre/modules/Region.jsm", 376))
1607517804495	geckodriver	INFO	Listening on 127.0.0.1:37531
1607517804520	mozrunner::runner	INFO	Running command: "/usr/bin/firefox" "--marionette" "-foreground" "-no-remote" "-profile" "/tmp/rust_mozprofilerbdBAT"
console.warn: SearchSettings: "get: No settings file exists, new profile?" (new Error("", "(unknown module)"))
1607517812690	Marionette	INFO	Listening on port 36683
1607517812853	Marionette	WARN	TLS certificate errors will be ignored for this session
1607517823498	Marionette	INFO	Stopped listening on port 36683
1607540144006	geckodriver	INFO	Listening on 127.0.0.1:56905
1607540145045	mozrunner::runner	INFO	Running command: "/usr/bin/firefox" "--marionette" "-foreground" "-no-remote" "-profile" "/tmp/rust_mozprofileuhxrzu"
console.warn: SearchSettings: "get: No settings file exists, new profile?" (new Error("", "(unknown module)"))
1607540154873	Marionette	INFO	Listening on port 40885
1607540155175	Marionette	WARN	TLS certificate errors will be ignored for this session
JavaScript warning: https://web.whatsapp.com/app.2198ddf01f3c0b7f4b84.js, line 1: unreachable code after return statement
JavaScript warning: https://web.whatsapp.com/app.2198ddf01f3c0b7f4b84.js, line 1: unreachable code after return statement
JavaScript warning: https://web.whatsapp.com/app.2198ddf01f3c0b7f4b84.js, line 1: unreachable code after return statement
JavaScript warning: https://web.whatsapp.com/app.2198ddf01f3c0b7f4b84.js, line 1: unreachable code after return statement
1607540283861	Marionette	INFO	Stopped listening on port 40885
1607540478070	geckodriver	INFO	Listening on 127.0.0.1:59115
1607540478126	mozrunner::runner	INFO	Running command: "/usr/bin/firefox" "--marionette" "-foreground" "-no-remote" "-profile" "/tmp/rust_mozprofileowtulI"
console.warn: SearchSettings: "get: No settings file exists, new profile?" (new Error("", "(unknown module)"))
1607540488685	Marionette	INFO	Listening on port 34039
1607540488859	Marionette	WARN	TLS certificate errors will be ignored for this session
JavaScript warning: https://web.whatsapp.com/app.2198ddf01f3c0b7f4b84.js, line 1: unreachable code after return statement
JavaScript warning: https://web.whatsapp.com/app.2198ddf01f3c0b7f4b84.js, line 1: unreachable code after return statement
1607540512299	geckodriver	INFO	Listening on 127.0.0.1:41513
1607540512330	mozrunner::runner	INFO	Running command: "/usr/bin/firefox" "--marionette" "-foreground" "-no-remote" "-profile" "/tmp/rust_mozprofileey24xK"
console.warn: SearchSettings: "get: No settings file exists, new profile?" (new Error("", "(unknown module)"))
1607540521764	Marionette	INFO	Listening on port 34543
1607540521902	Marionette	WARN	TLS certificate errors will be ignored for this session
JavaScript warning: https://web.whatsapp.com/app.2198ddf01f3c0b7f4b84.js, line 1: unreachable code after return statement
JavaScript warning: https://web.whatsapp.com/app.2198ddf01f3c0b7f4b84.js, line 1: unreachable code after return statement
JavaScript error: resource://gre/modules/AsyncShutdown.jsm, line 697: Error: Phase "Sqlite.jsm: wait until all connections are closed" is finished, it is too late to register completion condition "protections.sqlite#0: waiting for shutdown"
1607540529465	Marionette	INFO	Stopped listening on port 34543
1607542187842	Marionette	INFO	Stopped listening on port 34039
1607545119533	geckodriver	INFO	Listening on 127.0.0.1:42007
1607545120560	mozrunner::runner	INFO	Running command: "/usr/bin/firefox" "--marionette" "-foreground" "-no-remote" "-profile" "/tmp/rust_mozprofileWkz8Z2"
console.warn: SearchSettings: "get: No settings file exists, new profile?" (new Error("", "(unknown module)"))
1607545129798	Marionette	INFO	Listening on port 40285
1607545129940	Marionette	WARN	TLS certificate errors will be ignored for this session
JavaScript warning: https://web.whatsapp.com/app.2198ddf01f3c0b7f4b84.js, line 1: unreachable code after return statement
JavaScript warning: https://web.whatsapp.com/app.2198ddf01f3c0b7f4b84.js, line 1: unreachable code after return statement
JavaScript warning: https://web.whatsapp.com/app.2198ddf01f3c0b7f4b84.js, line 1: unreachable code after return statement
JavaScript warning: https://web.whatsapp.com/app.2198ddf01f3c0b7f4b84.js, line 1: unreachable code after return statement
1607545384555	Marionette	INFO	Stopped listening on port 40285
1607546016117	geckodriver	INFO	Listening on 127.0.0.1:43627
1607546016140	mozrunner::runner	INFO	Running command: "/usr/bin/firefox" "--marionette" "-foreground" "-no-remote" "-profile" "/tmp/rust_mozprofileWxVbg8"
console.warn: SearchSettings: "get: No settings file exists, new profile?" (new Error("", "(unknown module)"))
1607546024816	Marionette	INFO	Listening on port 35031
1607546024977	Marionette	WARN	TLS certificate errors will be ignored for this session
JavaScript warning: https://web.whatsapp.com/app.2198ddf01f3c0b7f4b84.js, line 1: unreachable code after return statement
JavaScript warning: https://web.whatsapp.com/app.2198ddf01f3c0b7f4b84.js, line 1: unreachable code after return statement
1607546205877	Marionette	INFO	Stopped listening on port 35031
1607548406211	geckodriver	INFO	Listening on 127.0.0.1:33355
1607548406228	mozrunner::runner	INFO	Running command: "/usr/bin/firefox" "--marionette" "-foreground" "-no-remote" "-profile" "/tmp/rust_mozprofileN4WIj9"
console.warn: SearchSettings: "get: No settings file exists, new profile?" (new Error("", "(unknown module)"))
1607548414612	Marionette	INFO	Listening on port 46005
1607548414792	Marionette	WARN	TLS certificate errors will be ignored for this session
JavaScript warning: https://web.whatsapp.com/app.2198ddf01f3c0b7f4b84.js, line 1: unreachable code after return statement
JavaScript warning: https://web.whatsapp.com/app.2198ddf01f3c0b7f4b84.js, line 1: unreachable code after return statement
Exiting due to channel error.
Exiting due to channel error.
[GFX1-]: Receive IPC close with reason=AbnormalShutdown
Exiting due to channel error.
